<?xml version="1.0" encoding="UTF-8"?>
<!-- Generated by org.testng.reporters.JUnitXMLReporter -->
<testsuite hostname="George-PC" name="Default test" tests="1" failures="1" timestamp="21 Apr 2013 21:12:44 GMT" time="0.047" errors="0">
  <testcase name="shouldCreateContactWithValidData" time="0.016" classname="com.example.tests.TestContactCreatiion">
    <failure type="java.lang.UnsatisfiedLinkError" message="C:\Users\George\Desktop\IrynaSWTesting\Repository\pft-svitlychenko\addressbook-native-tests\lib\jacob-1.15-M4-x86.dll: Can&amp;apos;t load IA 32-bit .dll on a AMD 64-bit platform">
      <![CDATA[java.lang.UnsatisfiedLinkError: C:\Users\George\Desktop\IrynaSWTesting\Repository\pft-svitlychenko\addressbook-native-tests\lib\jacob-1.15-M4-x86.dll: Can't load IA 32-bit .dll on a AMD 64-bit platform
	at java.lang.ClassLoader$NativeLibrary.load(Native Method)
	at java.lang.ClassLoader.loadLibrary1(Unknown Source)
	at java.lang.ClassLoader.loadLibrary0(Unknown Source)
	at java.lang.ClassLoader.loadLibrary(Unknown Source)
	at java.lang.Runtime.load0(Unknown Source)
	at java.lang.System.load(Unknown Source)
	at com.jacob.com.LibraryLoader.loadJacobLibrary(LibraryLoader.java:151)
	at com.jacob.com.JacobObject.<clinit>(JacobObject.java:107)
	at com.jacob.com.LibraryLoader.loadJacobLibrary(LibraryLoader.java:149)
	at com.jacob.com.ComThread.<clinit>(ComThread.java:167)
	at com.example.fw.AutoItHelper.<init>(AutoItHelper.java:18)
	at com.example.fw.ApplicationManager.getAutoItHelper(ApplicationManager.java:56)
	at com.example.fw.ContactHelper.initContactCreation(ContactHelper.java:17)
	at com.example.fw.ContactHelper.createContact(ContactHelper.java:11)
	at com.example.tests.TestContactCreatiion.shouldCreateContactWithValidData(TestContactCreatiion.java:13)
	at sun.reflect.NativeMethodAccessorImpl.invoke0(Native Method)
	at sun.reflect.NativeMethodAccessorImpl.invoke(Unknown Source)
	at sun.reflect.DelegatingMethodAccessorImpl.invoke(Unknown Source)
	at java.lang.reflect.Method.invoke(Unknown Source)
	at org.testng.internal.MethodInvocationHelper.invokeMethod(MethodInvocationHelper.java:80)
	at org.testng.internal.Invoker.invokeMethod(Invoker.java:714)
	at org.testng.internal.Invoker.invokeTestMethod(Invoker.java:901)
	at org.testng.internal.Invoker.invokeTestMethods(Invoker.java:1231)
	at org.testng.internal.TestMethodWorker.invokeTestMethods(TestMethodWorker.java:128)
	at org.testng.internal.TestMethodWorker.run(TestMethodWorker.java:111)
	at org.testng.TestRunner.privateRun(TestRunner.java:767)
	at org.testng.TestRunner.run(TestRunner.java:617)
	at org.testng.SuiteRunner.runTest(SuiteRunner.java:334)
	at org.testng.SuiteRunner.runSequentially(SuiteRunner.java:329)
	at org.testng.SuiteRunner.privateRun(SuiteRunner.java:291)
	at org.testng.SuiteRunner.run(SuiteRunner.java:240)
	at org.testng.SuiteRunnerWorker.runSuite(SuiteRunnerWorker.java:52)
	at org.testng.SuiteRunnerWorker.run(SuiteRunnerWorker.java:86)
	at org.testng.TestNG.runSuitesSequentially(TestNG.java:1203)
	at org.testng.TestNG.runSuitesLocally(TestNG.java:1128)
	at org.testng.TestNG.run(TestNG.java:1036)
	at org.testng.remote.RemoteTestNG.run(RemoteTestNG.java:111)
	at org.testng.remote.RemoteTestNG.initAndRun(RemoteTestNG.java:204)
	at org.testng.remote.RemoteTestNG.main(RemoteTestNG.java:175)
]]>
    </failure>
  </testcase> <!-- shouldCreateContactWithValidData -->
</testsuite> <!-- Default test -->
