<?xml version="1.0" encoding="UTF-8"?>
<testng-results skipped="0" failed="0" total="1" passed="1">
  <reporter-output>
  </reporter-output>
  <suite name="Default suite" duration-ms="35287" started-at="2013-09-25T09:21:16Z" finished-at="2013-09-25T09:21:52Z">
    <groups>
    </groups>
    <test name="Default test" duration-ms="35287" started-at="2013-09-25T09:21:16Z" finished-at="2013-09-25T09:21:52Z">
      <class name="vodafone.OrderPlacementTests">
        <test-method status="PASS" signature="setUp()[pri:0, instance:vodafone.OrderPlacementTests@10d8d767]" name="setUp" is-config="true" duration-ms="4864" started-at="2013-09-25T10:21:16Z" finished-at="2013-09-25T10:21:21Z">
          <reporter-output>
          </reporter-output>
        </test-method> <!-- setUp -->
        <test-method status="PASS" signature="validOrderPlacement()[pri:0, instance:vodafone.OrderPlacementTests@10d8d767]" name="validOrderPlacement" duration-ms="30207" started-at="2013-09-25T10:21:21Z" finished-at="2013-09-25T10:21:51Z">
          <reporter-output>
          </reporter-output>
        </test-method> <!-- validOrderPlacement -->
        <test-method status="PASS" signature="tearDown()[pri:0, instance:vodafone.OrderPlacementTests@10d8d767]" name="tearDown" is-config="true" duration-ms="201" started-at="2013-09-25T10:21:51Z" finished-at="2013-09-25T10:21:52Z">
          <reporter-output>
          </reporter-output>
        </test-method> <!-- tearDown -->
      </class> <!-- vodafone.OrderPlacementTests -->
    </test> <!-- Default test -->
  </suite> <!-- Default suite -->
</testng-results>
