<?xml version="1.0" encoding="UTF-8"?>
<testng-results skipped="2" failed="0" total="2" passed="0">
  <reporter-output>
  </reporter-output>
  <suite name="Default suite" duration-ms="9847" started-at="2013-05-19T10:29:08Z" finished-at="2013-05-19T10:29:18Z">
    <groups>
    </groups>
    <test name="Default test" duration-ms="9847" started-at="2013-05-19T10:29:08Z" finished-at="2013-05-19T10:29:18Z">
      <class name="com.example.tests.SignupTest">
        <test-method status="PASS" signature="setUp(java.lang.String)[pri:0, instance:com.example.tests.SignupTest@1fe30f8]" name="setUp" is-config="true" duration-ms="32" started-at="2013-05-19T11:29:08Z" finished-at="2013-05-19T11:29:08Z">
          <params>
            <param index="0">
              <value is-null="true"/>
            </param>
          </params>
          <reporter-output>
          </reporter-output>
        </test-method> <!-- setUp -->
        <test-method status="FAIL" signature="createMailUser()[pri:0, instance:com.example.tests.SignupTest@1fe30f8]" name="createMailUser" is-config="true" duration-ms="0" started-at="2013-05-19T11:29:08Z" finished-at="2013-05-19T11:29:08Z">
          <exception class="java.lang.NullPointerException">
            <full-stacktrace>
              <![CDATA[java.lang.NullPointerException
	at com.example.fw.JamesHelper.initTelnetSession(JamesHelper.java:21)
	at com.example.fw.JamesHelper.doesUserExist(JamesHelper.java:88)
	at com.example.tests.SignupTest.createMailUser(SignupTest.java:27)
	at sun.reflect.NativeMethodAccessorImpl.invoke0(Native Method)
	at sun.reflect.NativeMethodAccessorImpl.invoke(Unknown Source)
	at sun.reflect.DelegatingMethodAccessorImpl.invoke(Unknown Source)
	at java.lang.reflect.Method.invoke(Unknown Source)
	at org.testng.internal.MethodInvocationHelper.invokeMethod(MethodInvocationHelper.java:80)
	at org.testng.internal.Invoker.invokeConfigurationMethod(Invoker.java:564)
	at org.testng.internal.Invoker.invokeConfigurations(Invoker.java:213)
	at org.testng.internal.Invoker.invokeConfigurations(Invoker.java:138)
	at org.testng.internal.TestMethodWorker.invokeBeforeClassMethods(TestMethodWorker.java:175)
	at org.testng.internal.TestMethodWorker.run(TestMethodWorker.java:107)
	at org.testng.TestRunner.privateRun(TestRunner.java:767)
	at org.testng.TestRunner.run(TestRunner.java:617)
	at org.testng.SuiteRunner.runTest(SuiteRunner.java:334)
	at org.testng.SuiteRunner.runSequentially(SuiteRunner.java:329)
	at org.testng.SuiteRunner.privateRun(SuiteRunner.java:291)
	at org.testng.SuiteRunner.run(SuiteRunner.java:240)
	at org.testng.SuiteRunnerWorker.runSuite(SuiteRunnerWorker.java:52)
	at org.testng.SuiteRunnerWorker.run(SuiteRunnerWorker.java:86)
	at org.testng.TestNG.runSuitesSequentially(TestNG.java:1203)
	at org.testng.TestNG.runSuitesLocally(TestNG.java:1128)
	at org.testng.TestNG.run(TestNG.java:1036)
	at org.testng.remote.RemoteTestNG.run(RemoteTestNG.java:111)
	at org.testng.remote.RemoteTestNG.initAndRun(RemoteTestNG.java:204)
	at org.testng.remote.RemoteTestNG.main(RemoteTestNG.java:175)
]]>
            </full-stacktrace>
          </exception> <!-- java.lang.NullPointerException -->
          <reporter-output>
          </reporter-output>
        </test-method> <!-- createMailUser -->
        <test-method status="SKIP" signature="registeredUserShouldNotSignUp()[pri:0, instance:com.example.tests.SignupTest@1fe30f8]" name="registeredUserShouldNotSignUp" duration-ms="0" started-at="2013-05-19T11:29:18Z" finished-at="2013-05-19T11:29:18Z">
          <reporter-output>
          </reporter-output>
        </test-method> <!-- registeredUserShouldNotSignUp -->
        <test-method status="SKIP" signature="deleteMailUser()[pri:0, instance:com.example.tests.SignupTest@1fe30f8]" name="deleteMailUser" is-config="true" duration-ms="0" started-at="2013-05-19T11:29:18Z" finished-at="2013-05-19T11:29:18Z">
          <reporter-output>
          </reporter-output>
        </test-method> <!-- deleteMailUser -->
        <test-method status="SKIP" signature="tearDown()[pri:0, instance:com.example.tests.SignupTest@1fe30f8]" name="tearDown" is-config="true" duration-ms="0" started-at="2013-05-19T11:29:18Z" finished-at="2013-05-19T11:29:18Z">
          <reporter-output>
          </reporter-output>
        </test-method> <!-- tearDown -->
        <test-method status="SKIP" signature="newUserShouldSignUp()[pri:0, instance:com.example.tests.SignupTest@1fe30f8]" name="newUserShouldSignUp" duration-ms="0" started-at="2013-05-19T11:29:18Z" finished-at="2013-05-19T11:29:18Z">
          <reporter-output>
          </reporter-output>
        </test-method> <!-- newUserShouldSignUp -->
      </class> <!-- com.example.tests.SignupTest -->
    </test> <!-- Default test -->
  </suite> <!-- Default suite -->
</testng-results>
