<?xml version="1.0" encoding="UTF-8"?>
<testng-results skipped="0" failed="0" total="1" passed="1">
  <reporter-output>
  </reporter-output>
  <suite name="Default suite" duration-ms="1782" started-at="2013-04-17T21:55:39Z" finished-at="2013-04-17T21:55:41Z">
    <groups>
    </groups>
    <test name="Default test" duration-ms="1782" started-at="2013-04-17T21:55:39Z" finished-at="2013-04-17T21:55:41Z">
      <class name="com.example.tests.TestFolderRemoval">
        <test-method status="PASS" signature="setUp()[pri:0, instance:com.example.tests.TestFolderRemoval@184246a]" name="setUp" is-config="true" duration-ms="16" started-at="2013-04-17T22:55:39Z" finished-at="2013-04-17T22:55:39Z">
          <reporter-output>
          </reporter-output>
        </test-method> <!-- setUp -->
        <test-method status="PASS" signature="testFolderRemoval()[pri:0, instance:com.example.tests.TestFolderRemoval@184246a]" name="testFolderRemoval" duration-ms="1750" started-at="2013-04-17T22:55:39Z" finished-at="2013-04-17T22:55:41Z">
          <reporter-output>
          </reporter-output>
        </test-method> <!-- testFolderRemoval -->
        <test-method status="PASS" signature="tearDown()[pri:0, instance:com.example.tests.TestFolderRemoval@184246a]" name="tearDown" is-config="true" duration-ms="0" started-at="2013-04-17T22:55:41Z" finished-at="2013-04-17T22:55:41Z">
          <reporter-output>
          </reporter-output>
        </test-method> <!-- tearDown -->
      </class> <!-- com.example.tests.TestFolderRemoval -->
    </test> <!-- Default test -->
  </suite> <!-- Default suite -->
</testng-results>
