<?xml version="1.0" encoding="UTF-8"?>
<testng-results skipped="0" failed="1" total="1" passed="0">
  <reporter-output>
  </reporter-output>
  <suite name="Default suite" duration-ms="47" started-at="2013-04-21T21:12:43Z" finished-at="2013-04-21T21:12:44Z">
    <groups>
    </groups>
    <test name="Default test" duration-ms="47" started-at="2013-04-21T21:12:43Z" finished-at="2013-04-21T21:12:44Z">
      <class name="com.example.tests.TestContactCreatiion">
        <test-method status="PASS" signature="setUp()[pri:0, instance:com.example.tests.TestContactCreatiion@52efccb1]" name="setUp" is-config="true" duration-ms="0" started-at="2013-04-21T22:12:43Z" finished-at="2013-04-21T22:12:43Z">
          <reporter-output>
          </reporter-output>
        </test-method> <!-- setUp -->
        <test-method status="FAIL" signature="shouldCreateContactWithValidData()[pri:0, instance:com.example.tests.TestContactCreatiion@52efccb1]" name="shouldCreateContactWithValidData" duration-ms="16" started-at="2013-04-21T22:12:43Z" finished-at="2013-04-21T22:12:44Z">
          <exception class="java.lang.UnsatisfiedLinkError">
            <message>
              <![CDATA[C:\Users\George\Desktop\IrynaSWTesting\Repository\pft-svitlychenko\addressbook-native-tests\lib\jacob-1.15-M4-x86.dll: Can't load IA 32-bit .dll on a AMD 64-bit platform]]>
            </message>
            <full-stacktrace>
              <![CDATA[java.lang.UnsatisfiedLinkError: C:\Users\George\Desktop\IrynaSWTesting\Repository\pft-svitlychenko\addressbook-native-tests\lib\jacob-1.15-M4-x86.dll: Can't load IA 32-bit .dll on a AMD 64-bit platform
	at java.lang.ClassLoader$NativeLibrary.load(Native Method)
	at java.lang.ClassLoader.loadLibrary1(Unknown Source)
	at java.lang.ClassLoader.loadLibrary0(Unknown Source)
	at java.lang.ClassLoader.loadLibrary(Unknown Source)
	at java.lang.Runtime.load0(Unknown Source)
	at java.lang.System.load(Unknown Source)
	at com.jacob.com.LibraryLoader.loadJacobLibrary(LibraryLoader.java:151)
	at com.jacob.com.JacobObject.<clinit>(JacobObject.java:107)
	at com.jacob.com.LibraryLoader.loadJacobLibrary(LibraryLoader.java:149)
	at com.jacob.com.ComThread.<clinit>(ComThread.java:167)
	at com.example.fw.AutoItHelper.<init>(AutoItHelper.java:18)
	at com.example.fw.ApplicationManager.getAutoItHelper(ApplicationManager.java:56)
	at com.example.fw.ContactHelper.initContactCreation(ContactHelper.java:17)
	at com.example.fw.ContactHelper.createContact(ContactHelper.java:11)
	at com.example.tests.TestContactCreatiion.shouldCreateContactWithValidData(TestContactCreatiion.java:13)
	at sun.reflect.NativeMethodAccessorImpl.invoke0(Native Method)
	at sun.reflect.NativeMethodAccessorImpl.invoke(Unknown Source)
	at sun.reflect.DelegatingMethodAccessorImpl.invoke(Unknown Source)
	at java.lang.reflect.Method.invoke(Unknown Source)
	at org.testng.internal.MethodInvocationHelper.invokeMethod(MethodInvocationHelper.java:80)
	at org.testng.internal.Invoker.invokeMethod(Invoker.java:714)
	at org.testng.internal.Invoker.invokeTestMethod(Invoker.java:901)
	at org.testng.internal.Invoker.invokeTestMethods(Invoker.java:1231)
	at org.testng.internal.TestMethodWorker.invokeTestMethods(TestMethodWorker.java:128)
	at org.testng.internal.TestMethodWorker.run(TestMethodWorker.java:111)
	at org.testng.TestRunner.privateRun(TestRunner.java:767)
	at org.testng.TestRunner.run(TestRunner.java:617)
	at org.testng.SuiteRunner.runTest(SuiteRunner.java:334)
	at org.testng.SuiteRunner.runSequentially(SuiteRunner.java:329)
	at org.testng.SuiteRunner.privateRun(SuiteRunner.java:291)
	at org.testng.SuiteRunner.run(SuiteRunner.java:240)
	at org.testng.SuiteRunnerWorker.runSuite(SuiteRunnerWorker.java:52)
	at org.testng.SuiteRunnerWorker.run(SuiteRunnerWorker.java:86)
	at org.testng.TestNG.runSuitesSequentially(TestNG.java:1203)
	at org.testng.TestNG.runSuitesLocally(TestNG.java:1128)
	at org.testng.TestNG.run(TestNG.java:1036)
	at org.testng.remote.RemoteTestNG.run(RemoteTestNG.java:111)
	at org.testng.remote.RemoteTestNG.initAndRun(RemoteTestNG.java:204)
	at org.testng.remote.RemoteTestNG.main(RemoteTestNG.java:175)
]]>
            </full-stacktrace>
          </exception> <!-- java.lang.UnsatisfiedLinkError -->
          <reporter-output>
          </reporter-output>
        </test-method> <!-- shouldCreateContactWithValidData -->
        <test-method status="PASS" signature="tearDown()[pri:0, instance:com.example.tests.TestContactCreatiion@52efccb1]" name="tearDown" is-config="true" duration-ms="0" started-at="2013-04-21T22:12:44Z" finished-at="2013-04-21T22:12:44Z">
          <reporter-output>
          </reporter-output>
        </test-method> <!-- tearDown -->
      </class> <!-- com.example.tests.TestContactCreatiion -->
    </test> <!-- Default test -->
  </suite> <!-- Default suite -->
</testng-results>
